{"/Users/jonatan/repos/rest-tdd-demo/app.ts": {"path":"/Users/jonatan/repos/rest-tdd-demo/app.ts","statementMap":{"0":{"start":{"line":1,"column":0},"end":{"line":1,"column":40}},"1":{"start":{"line":2,"column":0},"end":{"line":2,"column":39}},"2":{"start":{"line":3,"column":0},"end":{"line":3,"column":57}},"3":{"start":{"line":5,"column":16},"end":{"line":70,"column":1}},"4":{"start":{"line":7,"column":16},"end":{"line":7,"column":25}},"5":{"start":{"line":8,"column":4},"end":{"line":8,"column":20}},"6":{"start":{"line":10,"column":4},"end":{"line":45,"column":null}},"7":{"start":{"line":10,"column":44},"end":{"line":45,"column":6}},"8":{"start":{"line":12,"column":23},"end":{"line":12,"column":25}},"9":{"start":{"line":14,"column":8},"end":{"line":18,"column":null}},"10":{"start":{"line":15,"column":12},"end":{"line":17,"column":null}},"11":{"start":{"line":20,"column":8},"end":{"line":24,"column":null}},"12":{"start":{"line":21,"column":12},"end":{"line":23,"column":null}},"13":{"start":{"line":26,"column":8},"end":{"line":30,"column":null}},"14":{"start":{"line":27,"column":12},"end":{"line":29,"column":null}},"15":{"start":{"line":32,"column":8},"end":{"line":36,"column":null}},"16":{"start":{"line":33,"column":12},"end":{"line":35,"column":null}},"17":{"start":{"line":38,"column":8},"end":{"line":44,"column":null}},"18":{"start":{"line":39,"column":12},"end":{"line":39,"column":41}},"19":{"start":{"line":41,"column":28},"end":{"line":41,"column":57}},"20":{"start":{"line":43,"column":12},"end":{"line":43,"column":30}},"21":{"start":{"line":47,"column":4},"end":{"line":66,"column":null}},"22":{"start":{"line":47,"column":47},"end":{"line":66,"column":6}},"23":{"start":{"line":48,"column":8},"end":{"line":65,"column":null}},"24":{"start":{"line":49,"column":12},"end":{"line":49,"column":35}},"25":{"start":{"line":51,"column":28},"end":{"line":51,"column":63}},"26":{"start":{"line":52,"column":12},"end":{"line":52,"column":33}},"27":{"start":{"line":53,"column":12},"end":{"line":64,"column":null}},"28":{"start":{"line":54,"column":16},"end":{"line":54,"column":39}},"29":{"start":{"line":56,"column":35},"end":{"line":56,"column":83}},"30":{"start":{"line":57,"column":16},"end":{"line":63,"column":19}},"31":{"start":{"line":68,"column":4},"end":{"line":68,"column":15}},"32":{"start":{"line":72,"column":0},"end":{"line":72,"column":23}}},"fnMap":{"0":{"name":"(anonymous_13)","decl":{"start":{"line":5,"column":16},"end":{"line":5,"column":17}},"loc":{"start":{"line":5,"column":59},"end":{"line":70,"column":1}}},"1":{"name":"(anonymous_14)","decl":{"start":{"line":10,"column":25},"end":{"line":10,"column":32}},"loc":{"start":{"line":10,"column":44},"end":{"line":45,"column":6}}},"2":{"name":"(anonymous_15)","decl":{"start":{"line":10,"column":44},"end":{"line":10,"column":null}},"loc":{"start":{"line":10,"column":44},"end":{"line":45,"column":5}}},"3":{"name":"(anonymous_16)","decl":{"start":{"line":47,"column":28},"end":{"line":47,"column":35}},"loc":{"start":{"line":47,"column":47},"end":{"line":66,"column":6}}},"4":{"name":"(anonymous_17)","decl":{"start":{"line":47,"column":47},"end":{"line":47,"column":null}},"loc":{"start":{"line":47,"column":47},"end":{"line":66,"column":5}}}},"branchMap":{"0":{"loc":{"start":{"line":14,"column":8},"end":{"line":18,"column":null}},"type":"if","locations":[{"start":{"line":14,"column":8},"end":{"line":18,"column":null}}]},"1":{"loc":{"start":{"line":14,"column":12},"end":{"line":14,"column":56}},"type":"binary-expr","locations":[{"start":{"line":14,"column":12},"end":{"line":14,"column":26}},{"start":{"line":14,"column":30},"end":{"line":14,"column":56}}]},"2":{"loc":{"start":{"line":20,"column":8},"end":{"line":24,"column":null}},"type":"if","locations":[{"start":{"line":20,"column":8},"end":{"line":24,"column":null}}]},"3":{"loc":{"start":{"line":20,"column":12},"end":{"line":20,"column":70}},"type":"binary-expr","locations":[{"start":{"line":20,"column":12},"end":{"line":20,"column":33}},{"start":{"line":20,"column":37},"end":{"line":20,"column":70}}]},"4":{"loc":{"start":{"line":26,"column":8},"end":{"line":30,"column":null}},"type":"if","locations":[{"start":{"line":26,"column":8},"end":{"line":30,"column":null}}]},"5":{"loc":{"start":{"line":26,"column":12},"end":{"line":26,"column":60}},"type":"binary-expr","locations":[{"start":{"line":26,"column":12},"end":{"line":26,"column":27}},{"start":{"line":26,"column":31},"end":{"line":26,"column":60}}]},"6":{"loc":{"start":{"line":32,"column":8},"end":{"line":36,"column":null}},"type":"if","locations":[{"start":{"line":32,"column":8},"end":{"line":36,"column":null}}]},"7":{"loc":{"start":{"line":32,"column":12},"end":{"line":32,"column":63}},"type":"binary-expr","locations":[{"start":{"line":32,"column":12},"end":{"line":32,"column":30}},{"start":{"line":32,"column":34},"end":{"line":32,"column":63}}]},"8":{"loc":{"start":{"line":38,"column":8},"end":{"line":44,"column":null}},"type":"if","locations":[{"start":{"line":38,"column":8},"end":{"line":44,"column":null}},{"start":{"line":40,"column":15},"end":{"line":44,"column":null}}]},"9":{"loc":{"start":{"line":48,"column":8},"end":{"line":65,"column":null}},"type":"if","locations":[{"start":{"line":48,"column":8},"end":{"line":65,"column":null}},{"start":{"line":50,"column":15},"end":{"line":65,"column":null}}]},"10":{"loc":{"start":{"line":53,"column":12},"end":{"line":64,"column":null}},"type":"if","locations":[{"start":{"line":53,"column":12},"end":{"line":64,"column":null}},{"start":{"line":55,"column":19},"end":{"line":64,"column":null}}]}},"s":{"0":1,"1":1,"2":1,"3":1,"4":1,"5":1,"6":1,"7":5,"8":5,"9":5,"10":1,"11":5,"12":1,"13":5,"14":1,"15":5,"16":2,"17":5,"18":2,"19":3,"20":3,"21":1,"22":2,"23":2,"24":1,"25":1,"26":1,"27":1,"28":0,"29":1,"30":1,"31":1,"32":1},"f":{"0":1,"1":5,"2":5,"3":2,"4":2},"b":{"0":[1],"1":[5,4],"2":[1],"3":[5,4],"4":[1],"5":[5,4],"6":[2],"7":[5,3],"8":[2,3],"9":[1,1],"10":[0,1]}}
,"/Users/jonatan/repos/rest-tdd-demo/currency.ts": {"path":"/Users/jonatan/repos/rest-tdd-demo/currency.ts","statementMap":{"0":{"start":{"line":1,"column":43},"end":{"line":4,"column":null}},"1":{"start":{"line":1,"column":68},"end":{"line":4,"column":null}},"2":{"start":{"line":2,"column":21},"end":{"line":2,"column":106}},"3":{"start":{"line":3,"column":4},"end":{"line":3,"column":43}},"4":{"start":{"line":1,"column":13},"end":{"line":1,"column":43}}},"fnMap":{"0":{"name":"(anonymous_7)","decl":{"start":{"line":1,"column":43},"end":{"line":1,"column":50}},"loc":{"start":{"line":1,"column":68},"end":{"line":4,"column":null}}},"1":{"name":"(anonymous_8)","decl":{"start":{"line":1,"column":68},"end":{"line":1,"column":null}},"loc":{"start":{"line":1,"column":68},"end":{"line":4,"column":1}}}},"branchMap":{},"s":{"0":1,"1":1,"2":1,"3":1,"4":1},"f":{"0":1,"1":1},"b":{}}
,"/Users/jonatan/repos/rest-tdd-demo/database.ts": {"path":"/Users/jonatan/repos/rest-tdd-demo/database.ts","statementMap":{"0":{"start":{"line":1,"column":0},"end":{"line":1,"column":32}},"1":{"start":{"line":10,"column":22},"end":{"line":15,"column":2}},"2":{"start":{"line":17,"column":21},"end":{"line":17,"column":61}},"3":{"start":{"line":19,"column":29},"end":{"line":21,"column":null}},"4":{"start":{"line":19,"column":64},"end":{"line":21,"column":null}},"5":{"start":{"line":20,"column":4},"end":{"line":20,"column":56}},"6":{"start":{"line":19,"column":13},"end":{"line":19,"column":29}},"7":{"start":{"line":23,"column":30},"end":{"line":25,"column":null}},"8":{"start":{"line":23,"column":51},"end":{"line":25,"column":null}},"9":{"start":{"line":24,"column":4},"end":{"line":24,"column":45}},"10":{"start":{"line":23,"column":13},"end":{"line":23,"column":30}},"11":{"start":{"line":27,"column":25},"end":{"line":27,"column":76}},"12":{"start":{"line":27,"column":41},"end":{"line":27,"column":76}},"13":{"start":{"line":27,"column":13},"end":{"line":27,"column":25}}},"fnMap":{"0":{"name":"(anonymous_8)","decl":{"start":{"line":19,"column":29},"end":{"line":19,"column":36}},"loc":{"start":{"line":19,"column":64},"end":{"line":21,"column":null}}},"1":{"name":"(anonymous_9)","decl":{"start":{"line":19,"column":64},"end":{"line":19,"column":null}},"loc":{"start":{"line":19,"column":64},"end":{"line":21,"column":1}}},"2":{"name":"(anonymous_10)","decl":{"start":{"line":23,"column":30},"end":{"line":23,"column":37}},"loc":{"start":{"line":23,"column":51},"end":{"line":25,"column":null}}},"3":{"name":"(anonymous_11)","decl":{"start":{"line":23,"column":51},"end":{"line":23,"column":null}},"loc":{"start":{"line":23,"column":51},"end":{"line":25,"column":1}}},"4":{"name":"(anonymous_12)","decl":{"start":{"line":27,"column":25},"end":{"line":27,"column":26}},"loc":{"start":{"line":27,"column":41},"end":{"line":27,"column":76}}}},"branchMap":{},"s":{"0":1,"1":1,"2":1,"3":1,"4":0,"5":0,"6":1,"7":1,"8":0,"9":0,"10":1,"11":1,"12":2,"13":1},"f":{"0":0,"1":0,"2":0,"3":0,"4":2},"b":{}}
}
