TN:
SF:app.ts
FN:5,(anonymous_13)
FN:10,(anonymous_14)
FN:10,(anonymous_15)
FN:47,(anonymous_16)
FN:47,(anonymous_17)
FNF:5
FNH:5
FNDA:1,(anonymous_13)
FNDA:5,(anonymous_14)
FNDA:5,(anonymous_15)
FNDA:2,(anonymous_16)
FNDA:2,(anonymous_17)
DA:1,1
DA:2,1
DA:3,1
DA:5,1
DA:7,1
DA:8,1
DA:10,5
DA:12,5
DA:14,5
DA:15,1
DA:20,5
DA:21,1
DA:26,5
DA:27,1
DA:32,5
DA:33,2
DA:38,5
DA:39,2
DA:41,3
DA:43,3
DA:47,2
DA:48,2
DA:49,1
DA:51,1
DA:52,1
DA:53,1
DA:54,0
DA:56,1
DA:57,1
DA:68,1
DA:72,1
LF:31
LH:30
BRDA:14,0,0,1
BRDA:14,1,0,5
BRDA:14,1,1,4
BRDA:20,2,0,1
BRDA:20,3,0,5
BRDA:20,3,1,4
BRDA:26,4,0,1
BRDA:26,5,0,5
BRDA:26,5,1,4
BRDA:32,6,0,2
BRDA:32,7,0,5
BRDA:32,7,1,3
BRDA:38,8,0,2
BRDA:38,8,1,3
BRDA:48,9,0,1
BRDA:48,9,1,1
BRDA:53,10,0,0
BRDA:53,10,1,1
BRF:18
BRH:17
end_of_record
TN:
SF:currency.ts
FN:1,(anonymous_7)
FN:1,(anonymous_8)
FNF:2
FNH:2
FNDA:1,(anonymous_7)
FNDA:1,(anonymous_8)
DA:1,1
DA:2,1
DA:3,1
LF:3
LH:3
BRF:0
BRH:0
end_of_record
TN:
SF:database.ts
FN:19,(anonymous_8)
FN:19,(anonymous_9)
FN:23,(anonymous_10)
FN:23,(anonymous_11)
FN:27,(anonymous_12)
FNF:5
FNH:1
FNDA:0,(anonymous_8)
FNDA:0,(anonymous_9)
FNDA:0,(anonymous_10)
FNDA:0,(anonymous_11)
FNDA:2,(anonymous_12)
DA:1,1
DA:10,1
DA:17,1
DA:19,1
DA:20,0
DA:23,1
DA:24,0
DA:27,2
LF:8
LH:6
BRF:0
BRH:0
end_of_record
